# JRE version: OpenJDK Runtime Environment 18.9 (11.0.11+9) (build 11.0.11+9)
# Java VM: OpenJDK 64-Bit Server VM 18.9 (11.0.11+9, mixed mode, tiered, compressed oops, g1 gc, windows-amd64)
Heap:
 garbage-first heap   total 262144K, used 177753K [0x0000000740000000, 0x0000000800000000)
  region size 1024K, 29 young (29696K), 3 survivors (3072K)
 Metaspace       used 131702K, capacity 135532K, committed 135852K, reserved 1165312K
  class space    used 17638K, capacity 19345K, committed 19456K, reserved 1048576K
GC Heap History (20 events):
Event: 1775.300 GC heap before
{Heap before GC invocations=312 (full 8):
 garbage-first heap   total 262144K, used 211842K [0x0000000740000000, 0x0000000800000000)
  region size 1024K, 60 young (61440K), 5 survivors (5120K)
 Metaspace       used 131609K, capacity 135462K, committed 135596K, reserved 1165312K
  class space    used 17632K, capacity 19343K, committed 19456K, reserved 1048576K
}
Event: 1775.302 GC heap after
{Heap after GC invocations=313 (full 8):
 garbage-first heap   total 262144K, used 155114K [0x0000000740000000, 0x0000000800000000)
  region size 1024K, 4 young (4096K), 4 survivors (4096K)
 Metaspace       used 131609K, capacity 135462K, committed 135596K, reserved 1165312K
  class space    used 17632K, capacity 19343K, committed 19456K, reserved 1048576K
}
Event: 1788.241 GC heap before
{Heap before GC invocations=314 (full 8):
 garbage-first heap   total 262144K, used 212458K [0x0000000740000000, 0x0000000800000000)
  region size 1024K, 60 young (61440K), 4 survivors (4096K)
 Metaspace       used 131634K, capacity 135465K, committed 135596K, reserved 1165312K
  class space    used 17637K, capacity 19344K, committed 19456K, reserved 1048576K
}
Event: 1788.243 GC heap after
{Heap after GC invocations=315 (full 8):
 garbage-first heap   total 262144K, used 154903K [0x0000000740000000, 0x0000000800000000)
  region size 1024K, 4 young (4096K), 4 survivors (4096K)
 Metaspace       used 131634K, capacity 135465K, committed 135596K, reserved 1165312K
  class space    used 17637K, capacity 19344K, committed 19456K, reserved 1048576K
}
Event: 1793.639 GC heap before
{Heap before GC invocations=315 (full 8):
 garbage-first heap   total 262144K, used 212247K [0x0000000740000000, 0x0000000800000000)
  region size 1024K, 60 young (61440K), 4 survivors (4096K)
 Metaspace       used 131658K, capacity 135529K, committed 135852K, reserved 1165312K
  class space    used 17637K, capacity 19344K, committed 19456K, reserved 1048576K
}
Event: 1793.641 GC heap after
{Heap after GC invocations=316 (full 8):
 garbage-first heap   total 262144K, used 154935K [0x0000000740000000, 0x0000000800000000)
  region size 1024K, 4 young (4096K), 4 survivors (4096K)
 Metaspace       used 131658K, capacity 135529K, committed 135852K, reserved 1165312K
  class space    used 17637K, capacity 19344K, committed 19456K, reserved 1048576K
}
Event: 1795.759 GC heap before
{Heap before GC invocations=317 (full 8):
 garbage-first heap   total 262144K, used 212279K [0x0000000740000000, 0x0000000800000000)
  region size 1024K, 60 young (61440K), 4 survivors (4096K)
 Metaspace       used 131671K, capacity 135529K, committed 135852K, reserved 1165312K
  class space    used 17637K, capacity 19344K, committed 19456K, reserved 1048576K
}
Event: 1795.761 GC heap after
{Heap after GC invocations=318 (full 8):
 garbage-first heap   total 262144K, used 154798K [0x0000000740000000, 0x0000000800000000)
  region size 1024K, 3 young (3072K), 3 survivors (3072K)
 Metaspace       used 131671K, capacity 135529K, committed 135852K, reserved 1165312K
  class space    used 17637K, capacity 19344K, committed 19456K, reserved 1048576K
}
Event: 1797.615 GC heap before
{Heap before GC invocations=318 (full 8):
 garbage-first heap   total 262144K, used 212142K [0x0000000740000000, 0x0000000800000000)
  region size 1024K, 60 young (61440K), 3 survivors (3072K)
 Metaspace       used 131685K, capacity 135529K, committed 135852K, reserved 1165312K
  class space    used 17637K, capacity 19344K, committed 19456K, reserved 1048576K
}
Event: 1797.618 GC heap after
{Heap after GC invocations=319 (full 8):
 garbage-first heap   total 262144K, used 155901K [0x0000000740000000, 0x0000000800000000)
  region size 1024K, 4 young (4096K), 4 survivors (4096K)
 Metaspace       used 131685K, capacity 135529K, committed 135852K, reserved 1165312K
  class space    used 17637K, capacity 19344K, committed 19456K, reserved 1048576K
}
Event: 1802.468 GC heap before
{Heap before GC invocations=320 (full 8):
 garbage-first heap   total 262144K, used 213245K [0x0000000740000000, 0x0000000800000000)
  region size 1024K, 60 young (61440K), 4 survivors (4096K)
 Metaspace       used 131690K, capacity 135532K, committed 135852K, reserved 1165312K
  class space    used 17638K, capacity 19345K, committed 19456K, reserved 1048576K
}
Event: 1802.470 GC heap after
{Heap after GC invocations=321 (full 8):
 garbage-first heap   total 262144K, used 154998K [0x0000000740000000, 0x0000000800000000)
  region size 1024K, 3 young (3072K), 3 survivors (3072K)
 Metaspace       used 131690K, capacity 135532K, committed 135852K, reserved 1165312K
  class space    used 17638K, capacity 19345K, committed 19456K, reserved 1048576K
}
Event: 1809.989 GC heap before
{Heap before GC invocations=321 (full 8):
 garbage-first heap   total 262144K, used 213366K [0x0000000740000000, 0x0000000800000000)
  region size 1024K, 60 young (61440K), 3 survivors (3072K)
 Metaspace       used 131692K, capacity 135532K, committed 135852K, reserved 1165312K
  class space    used 17638K, capacity 19345K, committed 19456K, reserved 1048576K
}
Event: 1809.992 GC heap after
{Heap after GC invocations=322 (full 8):
 garbage-first heap   total 262144K, used 154962K [0x0000000740000000, 0x0000000800000000)
  region size 1024K, 3 young (3072K), 3 survivors (3072K)
 Metaspace       used 131692K, capacity 135532K, committed 135852K, reserved 1165312K
  class space    used 17638K, capacity 19345K, committed 19456K, reserved 1048576K
}
Event: 1839.493 GC heap before
{Heap before GC invocations=323 (full 8):
 garbage-first heap   total 262144K, used 213330K [0x0000000740000000, 0x0000000800000000)
  region size 1024K, 60 young (61440K), 3 survivors (3072K)
 Metaspace       used 131693K, capacity 135532K, committed 135852K, reserved 1165312K
  class space    used 17638K, capacity 19345K, committed 19456K, reserved 1048576K
}
Event: 1839.495 GC heap after
{Heap after GC invocations=324 (full 8):
 garbage-first heap   total 262144K, used 155176K [0x0000000740000000, 0x0000000800000000)
  region size 1024K, 3 young (3072K), 3 survivors (3072K)
 Metaspace       used 131693K, capacity 135532K, committed 135852K, reserved 1165312K
  class space    used 17638K, capacity 19345K, committed 19456K, reserved 1048576K
}
Event: 1875.192 GC heap before
{Heap before GC invocations=324 (full 8):
 garbage-first heap   total 262144K, used 213544K [0x0000000740000000, 0x0000000800000000)
  region size 1024K, 60 young (61440K), 3 survivors (3072K)
 Metaspace       used 131695K, capacity 135532K, committed 135852K, reserved 1165312K
  class space    used 17638K, capacity 19345K, committed 19456K, reserved 1048576K
}
Event: 1875.194 GC heap after
{Heap after GC invocations=325 (full 8):
 garbage-first heap   total 262144K, used 155245K [0x0000000740000000, 0x0000000800000000)
  region size 1024K, 3 young (3072K), 3 survivors (3072K)
 Metaspace       used 131695K, capacity 135532K, committed 135852K, reserved 1165312K
  class space    used 17638K, capacity 19345K, committed 19456K, reserved 1048576K
}
Event: 1907.358 GC heap before
{Heap before GC invocations=326 (full 8):
 garbage-first heap   total 262144K, used 210541K [0x0000000740000000, 0x0000000800000000)
  region size 1024K, 60 young (61440K), 3 survivors (3072K)
 Metaspace       used 131695K, capacity 135532K, committed 135852K, reserved 1165312K
  class space    used 17638K, capacity 19345K, committed 19456K, reserved 1048576K
}
Event: 1907.360 GC heap after
{Heap after GC invocations=327 (full 8):
 garbage-first heap   total 262144K, used 152153K [0x0000000740000000, 0x0000000800000000)
  region size 1024K, 3 young (3072K), 3 survivors (3072K)
 Metaspace       used 131695K, capacity 135532K, committed 135852K, reserved 1165312K
  class space    used 17638K, capacity 19345K, committed 19456K, reserved 1048576K
}

