# JRE version: OpenJDK Runtime Environment 18.9 (11.0.11+9) (build 11.0.11+9)
# Java VM: OpenJDK 64-Bit Server VM 18.9 (11.0.11+9, mixed mode, tiered, compressed oops, g1 gc, windows-amd64)
Heap:
 garbage-first heap   total 262144K, used 189410K [0x0000000740000000, 0x0000000800000000)
  region size 1024K, 59 young (60416K), 3 survivors (3072K)
 Metaspace       used 133281K, capacity 135175K, committed 141804K, reserved 1171456K
  class space    used 17370K, capacity 18113K, committed 20352K, reserved 1048576K
GC Heap History (20 events):
Event: 5574.677 GC heap before
{Heap before GC invocations=338 (full 15):
 garbage-first heap   total 262144K, used 189279K [0x0000000740000000, 0x0000000800000000)
  region size 1024K, 60 young (61440K), 2 survivors (2048K)
 Metaspace       used 132868K, capacity 134700K, committed 141548K, reserved 1171456K
  class space    used 17320K, capacity 18039K, committed 20352K, reserved 1048576K
}
Event: 5574.681 GC heap after
{Heap after GC invocations=339 (full 15):
 garbage-first heap   total 262144K, used 130004K [0x0000000740000000, 0x0000000800000000)
  region size 1024K, 3 young (3072K), 3 survivors (3072K)
 Metaspace       used 132868K, capacity 134700K, committed 141548K, reserved 1171456K
  class space    used 17320K, capacity 18039K, committed 20352K, reserved 1048576K
}
Event: 5580.419 GC heap before
{Heap before GC invocations=340 (full 15):
 garbage-first heap   total 262144K, used 188372K [0x0000000740000000, 0x0000000800000000)
  region size 1024K, 60 young (61440K), 3 survivors (3072K)
 Metaspace       used 132875K, capacity 134764K, committed 141548K, reserved 1171456K
  class space    used 17320K, capacity 18039K, committed 20352K, reserved 1048576K
}
Event: 5580.428 GC heap after
{Heap after GC invocations=341 (full 15):
 garbage-first heap   total 262144K, used 129991K [0x0000000740000000, 0x0000000800000000)
  region size 1024K, 3 young (3072K), 3 survivors (3072K)
 Metaspace       used 132875K, capacity 134764K, committed 141548K, reserved 1171456K
  class space    used 17320K, capacity 18039K, committed 20352K, reserved 1048576K
}
Event: 5591.224 GC heap before
{Heap before GC invocations=341 (full 15):
 garbage-first heap   total 262144K, used 188359K [0x0000000740000000, 0x0000000800000000)
  region size 1024K, 60 young (61440K), 3 survivors (3072K)
 Metaspace       used 132882K, capacity 134764K, committed 141548K, reserved 1171456K
  class space    used 17321K, capacity 18039K, committed 20352K, reserved 1048576K
}
Event: 5591.230 GC heap after
{Heap after GC invocations=342 (full 15):
 garbage-first heap   total 262144K, used 130045K [0x0000000740000000, 0x0000000800000000)
  region size 1024K, 3 young (3072K), 3 survivors (3072K)
 Metaspace       used 132882K, capacity 134764K, committed 141548K, reserved 1171456K
  class space    used 17321K, capacity 18039K, committed 20352K, reserved 1048576K
}
Event: 5594.886 GC heap before
{Heap before GC invocations=343 (full 15):
 garbage-first heap   total 262144K, used 162813K [0x0000000740000000, 0x0000000800000000)
  region size 1024K, 36 young (36864K), 3 survivors (3072K)
 Metaspace       used 132883K, capacity 134764K, committed 141548K, reserved 1171456K
  class space    used 17321K, capacity 18039K, committed 20352K, reserved 1048576K
}
Event: 5594.889 GC heap after
{Heap after GC invocations=344 (full 15):
 garbage-first heap   total 262144K, used 129877K [0x0000000740000000, 0x0000000800000000)
  region size 1024K, 2 young (2048K), 2 survivors (2048K)
 Metaspace       used 132883K, capacity 134764K, committed 141548K, reserved 1171456K
  class space    used 17321K, capacity 18039K, committed 20352K, reserved 1048576K
}
Event: 5596.536 GC heap before
{Heap before GC invocations=345 (full 15):
 garbage-first heap   total 262144K, used 159573K [0x0000000740000000, 0x0000000800000000)
  region size 1024K, 28 young (28672K), 2 survivors (2048K)
 Metaspace       used 132884K, capacity 134764K, committed 141548K, reserved 1171456K
  class space    used 17321K, capacity 18039K, committed 20352K, reserved 1048576K
}
Event: 5596.539 GC heap after
{Heap after GC invocations=346 (full 15):
 garbage-first heap   total 262144K, used 134154K [0x0000000740000000, 0x0000000800000000)
  region size 1024K, 3 young (3072K), 3 survivors (3072K)
 Metaspace       used 132884K, capacity 134764K, committed 141548K, reserved 1171456K
  class space    used 17321K, capacity 18039K, committed 20352K, reserved 1048576K
}
Event: 5606.438 GC heap before
{Heap before GC invocations=347 (full 15):
 garbage-first heap   total 262144K, used 194570K [0x0000000740000000, 0x0000000800000000)
  region size 1024K, 60 young (61440K), 3 survivors (3072K)
 Metaspace       used 133027K, capacity 134907K, committed 141548K, reserved 1171456K
  class space    used 17337K, capacity 18068K, committed 20352K, reserved 1048576K
}
Event: 5606.442 GC heap after
{Heap after GC invocations=348 (full 15):
 garbage-first heap   total 262144K, used 136464K [0x0000000740000000, 0x0000000800000000)
  region size 1024K, 3 young (3072K), 3 survivors (3072K)
 Metaspace       used 133027K, capacity 134907K, committed 141548K, reserved 1171456K
  class space    used 17337K, capacity 18068K, committed 20352K, reserved 1048576K
}
Event: 5612.390 GC heap before
{Heap before GC invocations=348 (full 15):
 garbage-first heap   total 262144K, used 194832K [0x0000000740000000, 0x0000000800000000)
  region size 1024K, 60 young (61440K), 3 survivors (3072K)
 Metaspace       used 133079K, capacity 134971K, committed 141548K, reserved 1171456K
  class space    used 17337K, capacity 18068K, committed 20352K, reserved 1048576K
}
Event: 5612.393 GC heap after
{Heap after GC invocations=349 (full 15):
 garbage-first heap   total 262144K, used 133111K [0x0000000740000000, 0x0000000800000000)
  region size 1024K, 4 young (4096K), 4 survivors (4096K)
 Metaspace       used 133079K, capacity 134971K, committed 141548K, reserved 1171456K
  class space    used 17337K, capacity 18068K, committed 20352K, reserved 1048576K
}
Event: 5614.530 GC heap before
{Heap before GC invocations=350 (full 15):
 garbage-first heap   total 262144K, used 190455K [0x0000000740000000, 0x0000000800000000)
  region size 1024K, 60 young (61440K), 4 survivors (4096K)
 Metaspace       used 133121K, capacity 134971K, committed 141548K, reserved 1171456K
  class space    used 17337K, capacity 18068K, committed 20352K, reserved 1048576K
}
Event: 5614.537 GC heap after
{Heap after GC invocations=351 (full 15):
 garbage-first heap   total 262144K, used 134430K [0x0000000740000000, 0x0000000800000000)
  region size 1024K, 5 young (5120K), 5 survivors (5120K)
 Metaspace       used 133121K, capacity 134971K, committed 141548K, reserved 1171456K
  class space    used 17337K, capacity 18068K, committed 20352K, reserved 1048576K
}
Event: 5616.537 GC heap before
{Heap before GC invocations=351 (full 15):
 garbage-first heap   total 262144K, used 190750K [0x0000000740000000, 0x0000000800000000)
  region size 1024K, 60 young (61440K), 5 survivors (5120K)
 Metaspace       used 133121K, capacity 134971K, committed 141548K, reserved 1171456K
  class space    used 17337K, capacity 18068K, committed 20352K, reserved 1048576K
}
Event: 5616.541 GC heap after
{Heap after GC invocations=352 (full 15):
 garbage-first heap   total 262144K, used 134112K [0x0000000740000000, 0x0000000800000000)
  region size 1024K, 4 young (4096K), 4 survivors (4096K)
 Metaspace       used 133121K, capacity 134971K, committed 141548K, reserved 1171456K
  class space    used 17337K, capacity 18068K, committed 20352K, reserved 1048576K
}
Event: 5619.041 GC heap before
{Heap before GC invocations=353 (full 15):
 garbage-first heap   total 262144K, used 190432K [0x0000000740000000, 0x0000000800000000)
  region size 1024K, 60 young (61440K), 4 survivors (4096K)
 Metaspace       used 133164K, capacity 135028K, committed 141548K, reserved 1171456K
  class space    used 17347K, capacity 18087K, committed 20352K, reserved 1048576K
}
Event: 5619.046 GC heap after
{Heap after GC invocations=354 (full 15):
 garbage-first heap   total 262144K, used 133090K [0x0000000740000000, 0x0000000800000000)
  region size 1024K, 3 young (3072K), 3 survivors (3072K)
 Metaspace       used 133164K, capacity 135028K, committed 141548K, reserved 1171456K
  class space    used 17347K, capacity 18087K, committed 20352K, reserved 1048576K
}

